tracker: process with pid 73506 started.
tracker: process with pid 73508 started.
timeout
0.25
0
timeout
0.25
0
timeout
0.25
0
timeout
0.25
0
timeout
0.25
0
error message
ArgumentError: wrong number of arguments (0 for 2)
	/Users/Scott/.rvm/gems/ruby-1.9.3-p392/gems/twitter-4.8.1/lib/twitter/tweet.rb:148:in `entities'
	/Users/Scott/.rvm/gems/ruby-1.9.3-p392/gems/twitter-4.8.1/lib/twitter/base.rb:87:in `[]'
	/Users/Scott/Projects/SoundOff/app/models/tweet.rb:10:in `create_from_tweet'
	stream.rb:44:in `block in <main>'
	/Users/Scott/.rvm/gems/ruby-1.9.3-p392/gems/tweetstream-2.5.0/lib/tweetstream/client.rb:528:in `call'
	/Users/Scott/.rvm/gems/ruby-1.9.3-p392/gems/tweetstream-2.5.0/lib/tweetstream/client.rb:528:in `invoke_callback'
	/Users/Scott/.rvm/gems/ruby-1.9.3-p392/gems/tweetstream-2.5.0/lib/tweetstream/client.rb:536:in `yield_message_to'
	/Users/Scott/.rvm/gems/ruby-1.9.3-p392/gems/tweetstream-2.5.0/lib/tweetstream/client.rb:474:in `respond_to'
	/Users/Scott/.rvm/gems/ruby-1.9.3-p392/gems/tweetstream-2.5.0/lib/tweetstream/client.rb:414:in `block in connect'
	/Users/Scott/.rvm/gems/ruby-1.9.3-p392/gems/em-twitter-0.2.2/lib/em-twitter/connection.rb:296:in `call'
	/Users/Scott/.rvm/gems/ruby-1.9.3-p392/gems/em-twitter-0.2.2/lib/em-twitter/connection.rb:296:in `invoke_callback'
	/Users/Scott/.rvm/gems/ruby-1.9.3-p392/gems/em-twitter-0.2.2/lib/em-twitter/connection.rb:143:in `handle_stream'
	/Users/Scott/.rvm/gems/ruby-1.9.3-p392/gems/em-twitter-0.2.2/lib/em-twitter/connection.rb:193:in `block in on_body'
	/Users/Scott/.rvm/gems/ruby-1.9.3-p392/gems/em-twitter-0.2.2/lib/em-twitter/connection.rb:192:in `each'
	/Users/Scott/.rvm/gems/ruby-1.9.3-p392/gems/em-twitter-0.2.2/lib/em-twitter/connection.rb:192:in `on_body'
	/Users/Scott/.rvm/gems/ruby-1.9.3-p392/gems/em-twitter-0.2.2/lib/em-twitter/connection.rb:74:in `<<'
	/Users/Scott/.rvm/gems/ruby-1.9.3-p392/gems/em-twitter-0.2.2/lib/em-twitter/connection.rb:74:in `receive_data'
	/Users/Scott/.rvm/gems/ruby-1.9.3-p392/gems/eventmachine-1.0.3/lib/eventmachine.rb:187:in `run_machine'
	/Users/Scott/.rvm/gems/ruby-1.9.3-p392/gems/eventmachine-1.0.3/lib/eventmachine.rb:187:in `run'
	/Users/Scott/.rvm/gems/ruby-1.9.3-p392/gems/tweetstream-2.5.0/lib/tweetstream/client.rb:388:in `start'
	/Users/Scott/.rvm/gems/ruby-1.9.3-p392/gems/tweetstream-2.5.0/lib/tweetstream/daemon.rb:49:in `block in start'
	/Users/Scott/.rvm/gems/ruby-1.9.3-p392/gems/daemons-1.1.9/lib/daemons/application.rb:255:in `call'
	/Users/Scott/.rvm/gems/ruby-1.9.3-p392/gems/daemons-1.1.9/lib/daemons/application.rb:255:in `block in start_proc'
	/Users/Scott/.rvm/gems/ruby-1.9.3-p392/gems/daemons-1.1.9/lib/daemons/daemonize.rb:82:in `call'
	/Users/Scott/.rvm/gems/ruby-1.9.3-p392/gems/daemons-1.1.9/lib/daemons/daemonize.rb:82:in `call_as_daemon'
	/Users/Scott/.rvm/gems/ruby-1.9.3-p392/gems/daemons-1.1.9/lib/daemons/application.rb:259:in `start_proc'
	/Users/Scott/.rvm/gems/ruby-1.9.3-p392/gems/daemons-1.1.9/lib/daemons/application.rb:296:in `start'
	/Users/Scott/.rvm/gems/ruby-1.9.3-p392/gems/daemons-1.1.9/lib/daemons/controller.rb:70:in `run'
	/Users/Scott/.rvm/gems/ruby-1.9.3-p392/gems/daemons-1.1.9/lib/daemons.rb:197:in `block in run_proc'
	/Users/Scott/.rvm/gems/ruby-1.9.3-p392/gems/daemons-1.1.9/lib/daemons/cmdline.rb:109:in `call'
	/Users/Scott/.rvm/gems/ruby-1.9.3-p392/gems/daemons-1.1.9/lib/daemons/cmdline.rb:109:in `catch_exceptions'
	/Users/Scott/.rvm/gems/ruby-1.9.3-p392/gems/daemons-1.1.9/lib/daemons.rb:196:in `run_proc'
	/Users/Scott/.rvm/gems/ruby-1.9.3-p392/gems/tweetstream-2.5.0/lib/tweetstream/daemon.rb:48:in `start'
	/Users/Scott/.rvm/gems/ruby-1.9.3-p392/gems/tweetstream-2.5.0/lib/tweetstream/client.rb:131:in `filter'
	/Users/Scott/.rvm/gems/ruby-1.9.3-p392/gems/tweetstream-2.5.0/lib/tweetstream/client.rb:108:in `follow'
	stream.rb:43:in `<main>'
timeout
0.25
0
timeout
0.25
0
timeout
0.25
0
timeout
0.25
0
timeout
0.25
0
timeout
0.25
0
timeout
0.25
0
timeout
0.25
0
timeout
0.25
0
timeout
0.25
0
timeout
0.25
0
timeout
0.25
0
timeout
0.25
0
timeout
0.25
0
timeout
0.25
0
timeout
0.25
0
timeout
0.25
0
timeout
0.25
0
timeout
0.25
0
timeout
0.25
0
timeout
0.25
0
timeout
0.25
0
timeout
0.25
0
timeout
0.25
0
timeout
0.25
0
timeout
0.25
0
timeout
0.25
0
timeout
0.25
0
timeout
0.25
0
timeout
0.25
0
timeout
0.25
0
timeout
0.25
0
timeout
0.25
0
timeout
0.25
0
timeout
0.25
0
timeout
0.25
0
timeout
0.25
0
timeout
0.25
0
timeout
0.25
0
timeout
0.25
0
timeout
0.25
0
timeout
0.25
0
timeout
0.25
0
timeout
0.25
0
error message
ArgumentError: wrong number of arguments (0 for 2)
	/Users/Scott/.rvm/gems/ruby-1.9.3-p392/gems/twitter-4.8.1/lib/twitter/tweet.rb:148:in `entities'
	/Users/Scott/.rvm/gems/ruby-1.9.3-p392/gems/twitter-4.8.1/lib/twitter/base.rb:87:in `[]'
	/Users/Scott/Projects/SoundOff/app/models/tweet.rb:10:in `create_from_tweet'
	stream.rb:44:in `block in <main>'
	/Users/Scott/.rvm/gems/ruby-1.9.3-p392/gems/tweetstream-2.5.0/lib/tweetstream/client.rb:528:in `call'
	/Users/Scott/.rvm/gems/ruby-1.9.3-p392/gems/tweetstream-2.5.0/lib/tweetstream/client.rb:528:in `invoke_callback'
	/Users/Scott/.rvm/gems/ruby-1.9.3-p392/gems/tweetstream-2.5.0/lib/tweetstream/client.rb:536:in `yield_message_to'
	/Users/Scott/.rvm/gems/ruby-1.9.3-p392/gems/tweetstream-2.5.0/lib/tweetstream/client.rb:474:in `respond_to'
	/Users/Scott/.rvm/gems/ruby-1.9.3-p392/gems/tweetstream-2.5.0/lib/tweetstream/client.rb:414:in `block in connect'
	/Users/Scott/.rvm/gems/ruby-1.9.3-p392/gems/em-twitter-0.2.2/lib/em-twitter/connection.rb:296:in `call'
	/Users/Scott/.rvm/gems/ruby-1.9.3-p392/gems/em-twitter-0.2.2/lib/em-twitter/connection.rb:296:in `invoke_callback'
	/Users/Scott/.rvm/gems/ruby-1.9.3-p392/gems/em-twitter-0.2.2/lib/em-twitter/connection.rb:143:in `handle_stream'
	/Users/Scott/.rvm/gems/ruby-1.9.3-p392/gems/em-twitter-0.2.2/lib/em-twitter/connection.rb:193:in `block in on_body'
	/Users/Scott/.rvm/gems/ruby-1.9.3-p392/gems/em-twitter-0.2.2/lib/em-twitter/connection.rb:192:in `each'
	/Users/Scott/.rvm/gems/ruby-1.9.3-p392/gems/em-twitter-0.2.2/lib/em-twitter/connection.rb:192:in `on_body'
	/Users/Scott/.rvm/gems/ruby-1.9.3-p392/gems/em-twitter-0.2.2/lib/em-twitter/connection.rb:74:in `<<'
	/Users/Scott/.rvm/gems/ruby-1.9.3-p392/gems/em-twitter-0.2.2/lib/em-twitter/connection.rb:74:in `receive_data'
	/Users/Scott/.rvm/gems/ruby-1.9.3-p392/gems/eventmachine-1.0.3/lib/eventmachine.rb:187:in `run_machine'
	/Users/Scott/.rvm/gems/ruby-1.9.3-p392/gems/eventmachine-1.0.3/lib/eventmachine.rb:187:in `run'
	/Users/Scott/.rvm/gems/ruby-1.9.3-p392/gems/tweetstream-2.5.0/lib/tweetstream/client.rb:388:in `start'
	/Users/Scott/.rvm/gems/ruby-1.9.3-p392/gems/tweetstream-2.5.0/lib/tweetstream/daemon.rb:49:in `block in start'
	/Users/Scott/.rvm/gems/ruby-1.9.3-p392/gems/daemons-1.1.9/lib/daemons/application.rb:255:in `call'
	/Users/Scott/.rvm/gems/ruby-1.9.3-p392/gems/daemons-1.1.9/lib/daemons/application.rb:255:in `block in start_proc'
	/Users/Scott/.rvm/gems/ruby-1.9.3-p392/gems/daemons-1.1.9/lib/daemons/daemonize.rb:82:in `call'
	/Users/Scott/.rvm/gems/ruby-1.9.3-p392/gems/daemons-1.1.9/lib/daemons/daemonize.rb:82:in `call_as_daemon'
	/Users/Scott/.rvm/gems/ruby-1.9.3-p392/gems/daemons-1.1.9/lib/daemons/application.rb:259:in `start_proc'
	/Users/Scott/.rvm/gems/ruby-1.9.3-p392/gems/daemons-1.1.9/lib/daemons/application.rb:296:in `start'
	/Users/Scott/.rvm/gems/ruby-1.9.3-p392/gems/daemons-1.1.9/lib/daemons/controller.rb:70:in `run'
	/Users/Scott/.rvm/gems/ruby-1.9.3-p392/gems/daemons-1.1.9/lib/daemons.rb:197:in `block in run_proc'
	/Users/Scott/.rvm/gems/ruby-1.9.3-p392/gems/daemons-1.1.9/lib/daemons/cmdline.rb:109:in `call'
	/Users/Scott/.rvm/gems/ruby-1.9.3-p392/gems/daemons-1.1.9/lib/daemons/cmdline.rb:109:in `catch_exceptions'
	/Users/Scott/.rvm/gems/ruby-1.9.3-p392/gems/daemons-1.1.9/lib/daemons.rb:196:in `run_proc'
	/Users/Scott/.rvm/gems/ruby-1.9.3-p392/gems/tweetstream-2.5.0/lib/tweetstream/daemon.rb:48:in `start'
	/Users/Scott/.rvm/gems/ruby-1.9.3-p392/gems/tweetstream-2.5.0/lib/tweetstream/client.rb:131:in `filter'
	/Users/Scott/.rvm/gems/ruby-1.9.3-p392/gems/tweetstream-2.5.0/lib/tweetstream/client.rb:108:in `follow'
	stream.rb:43:in `<main>'
timeout
0.25
0
timeout
10
0
timeout
0.5
1
timeout
20
1
timeout
40
2
tracker: process with pid 73616 started.
tracker: process with pid 73618 started.
timeout
80
3
timeout
10
0
timeout
10
0
tracker: process with pid 73627 started.
tracker: process with pid 73626 started.
timeout
10
0
timeout
10
0
timeout
20
1
timeout
20
1
timeout
20
1
